#
# There is insufficient memory for the Java Runtime Environment to continue.
# Native memory allocation (mmap) failed to map 268435456 bytes for G1 virtual space
# Possible reasons:
#   The system is out of physical RAM or swap space
#   The process is running with CompressedOops enabled, and the Java Heap may be blocking the growth of the native heap
# Possible solutions:
#   Reduce memory load on the system
#   Increase physical memory or swap space
#   Check if swap backing store is full
#   Decrease Java heap size (-Xmx/-Xms)
#   Decrease number of Java threads
#   Decrease Java thread stack sizes (-Xss)
#   Set larger code cache with -XX:ReservedCodeCacheSize=
#   JVM is running with Zero Based Compressed Oops mode in which the Java heap is
#     placed in the first 32GB address space. The Java Heap base address is the
#     maximum limit for the native heap growth. Please use -XX:HeapBaseMinAddress
#     to set the Java Heap base and to place the Java Heap above 32GB virtual address.
# This output file may be truncated or incomplete.
#
#  Out of Memory Error (os_windows.cpp:3530), pid=22288, tid=15104
#
# JRE version:  (18.0.1.1+2) (build )
# Java VM: Java HotSpot(TM) 64-Bit Server VM (18.0.1.1+2-6, mixed mode, sharing, tiered, compressed oops, compressed class ptrs, g1 gc, windows-amd64)
# No core dump will be written. Minidumps are not enabled by default on client versions of Windows
#

---------------  S U M M A R Y ------------

Command Line: -Dmaven.multiModuleProjectDirectory=D:\01_DEV\IdeaProjects\ToDoList\ToDoList -Dmaven.home=C:\Program Files\JetBrains\IntelliJ IDEA 2022.1.3\plugins\maven\lib\maven3 -Dclassworlds.conf=C:\Program Files\JetBrains\IntelliJ IDEA 2022.1.3\plugins\maven\lib\maven3\bin\m2.conf -Dmaven.ext.class.path=C:\Program Files\JetBrains\IntelliJ IDEA 2022.1.3\plugins\maven\lib\maven-event-listener.jar -Dfile.encoding=UTF-8 org.codehaus.classworlds.Launcher -Didea.version=2022.1.3 install

Host: AMD Ryzen 5 2600 Six-Core Processor            , 12 cores, 15G,  Windows 10 , 64 bit Build 19041 (10.0.19041.1348)
Time: Fri Jul 29 13:24:51 2022  Windows 10 , 64 bit Build 19041 (10.0.19041.1348) elapsed time: 0.009756 seconds (0d 0h 0m 0s)

---------------  T H R E A D  ---------------

Current thread (0x000001f786c916b0):  JavaThread "Unknown thread" [_thread_in_vm, id=15104, stack(0x000000db0af00000,0x000000db0b000000)]

Stack: [0x000000db0af00000,0x000000db0b000000]
Native frames: (J=compiled Java code, j=interpreted, Vv=VM code, C=native code)
V  [jvm.dll+0x69887a]
V  [jvm.dll+0x7f38bd]
V  [jvm.dll+0x7f51ce]
V  [jvm.dll+0x7f5883]
V  [jvm.dll+0x25ca3f]
V  [jvm.dll+0x6957c9]
V  [jvm.dll+0x68a2fa]
V  [jvm.dll+0x321efb]
V  [jvm.dll+0x3298d6]
V  [jvm.dll+0x37e47e]
V  [jvm.dll+0x37e6af]
V  [jvm.dll+0x2f9c7a]
V  [jvm.dll+0x2facdd]
V  [jvm.dll+0x7c24f0]
V  [jvm.dll+0x38b801]
V  [jvm.dll+0x7a1203]
V  [jvm.dll+0x40d6bf]
V  [jvm.dll+0x40f091]
C  [jli.dll+0x526b]
C  [ucrtbase.dll+0x21bb2]
C  [KERNEL32.DLL+0x17034]
C  [ntdll.dll+0x52651]


---------------  P R O C E S S  ---------------

Threads class SMR info:
_java_thread_list=0x00007ff8271fd550, length=0, elements={
}

Java Threads: ( => current thread )

Other Threads:
  0x000001f786d043e0 WorkerThread "GC Thread#0" [stack: 0x000000db0b000000,0x000000db0b100000] [id=19132]
  0x000001f786d15160 ConcurrentGCThread "G1 Main Marker" [stack: 0x000000db0b100000,0x000000db0b200000] [id=7900]
  0x000001f786d165d0 WorkerThread "G1 Conc#0" [stack: 0x000000db0b200000,0x000000db0b300000] [id=18808]

[error occurred during error reporting (printing all threads), id 0xc0000005, EXCEPTION_ACCESS_VIOLATION (0xc0000005) at pc=0x00007ff826a2a217]

VM state: not at safepoint (not fully initialized)

VM Mutex/Monitor currently owned by a thread:  ([mutex/lock_event])
[0x000001f786c8d7d0] Heap_lock - owner thread: 0x000001f786c916b0

Heap address: 0x0000000700c00000, size: 4084 MB, Compressed Oops mode: Zero based, Oop shift amount: 3

CDS archive(s) mapped at: [0x0000000000000000-0x0000000000000000-0x0000000000000000), size 0, SharedBaseAddress: 0x0000000800000000, ArchiveRelocationMode: 0.
Narrow klass base: 0x0000000000000000, Narrow klass shift: 0, Narrow klass range: 0x0

GC Precious Log:
 CardTable entry size: 512
 Card Set container configuration: InlinePtr #cards 4 size 8 Array Of Cards #cards 16 size 48 Howl #buckets 8 coarsen threshold 3686 Howl Bitmap #cards 512 size 80 coarsen threshold 460 Card regions per heap region 1 cards per card region 4096

Heap:
 garbage-first heap   total 0K, used 0K [0x0000000700c00000, 0x0000000800000000)
  region size 2048K, 0 young (0K), 0 survivors (0K)

[error occurred during error reporting (printing heap information), id 0xc0000005, EXCEPTION_ACCESS_VIOLATION (0xc0000005) at pc=0x00007ff826e10cb9]

GC Heap History (0 events):
No events

Deoptimization events (0 events):
No events

Classes loaded (0 events):
No events

Classes unloaded (0 events):
No events

Classes redefined (0 events):
No events

Internal exceptions (0 events):
No events

VM Operations (0 events):
No events

Events (1 events):
Event: 0.006 Loaded shared library C:\Program Files\Java\jdk-18\bin\java.dll


Dynamic libraries:
0x00007ff7405a0000 - 0x00007ff7405b0000 	C:\Program Files\Java\jdk-18\bin\java.exe
0x00007ff843eb0000 - 0x00007ff8440a5000 	C:\WINDOWS\SYSTEM32\ntdll.dll
0x00007ff843ba0000 - 0x00007ff843c5e000 	C:\WINDOWS\System32\KERNEL32.DLL
0x00007ff8417d0000 - 0x00007ff841a98000 	C:\WINDOWS\System32\KERNELBASE.dll
0x00007ff8415c0000 - 0x00007ff8416c0000 	C:\WINDOWS\System32\ucrtbase.dll
0x00007ff837970000 - 0x00007ff837988000 	C:\Program Files\Java\jdk-18\bin\jli.dll
0x00007ff837990000 - 0x00007ff8379aa000 	C:\Program Files\Java\jdk-18\bin\VCRUNTIME140.dll
0x00007ff843dc0000 - 0x00007ff843e6c000 	C:\WINDOWS\System32\ADVAPI32.dll
0x00007ff842110000 - 0x00007ff8421ae000 	C:\WINDOWS\System32\msvcrt.dll
0x00007ff8421b0000 - 0x00007ff84224b000 	C:\WINDOWS\System32\sechost.dll
0x00007ff842cd0000 - 0x00007ff842dfa000 	C:\WINDOWS\System32\RPCRT4.dll
0x00007ff8438f0000 - 0x00007ff843a91000 	C:\WINDOWS\System32\USER32.dll
0x00007ff841e20000 - 0x00007ff841e42000 	C:\WINDOWS\System32\win32u.dll
0x00007ff8364a0000 - 0x00007ff83673a000 	C:\WINDOWS\WinSxS\amd64_microsoft.windows.common-controls_6595b64144ccf1df_6.0.19041.1110_none_60b5254171f9507e\COMCTL32.dll
0x00007ff8433a0000 - 0x00007ff8433cb000 	C:\WINDOWS\System32\GDI32.dll
0x00007ff841c60000 - 0x00007ff841d6d000 	C:\WINDOWS\System32\gdi32full.dll
0x00007ff841e50000 - 0x00007ff841eed000 	C:\WINDOWS\System32\msvcp_win.dll
0x00007ff83aa10000 - 0x00007ff83aa1a000 	C:\WINDOWS\SYSTEM32\VERSION.dll
0x00007ff843d90000 - 0x00007ff843dc0000 	C:\WINDOWS\System32\IMM32.DLL
0x00007ff840d20000 - 0x00007ff840d6b000 	C:\WINDOWS\SYSTEM32\AvCNG.dll
0x00007ff841750000 - 0x00007ff841777000 	C:\WINDOWS\System32\bcrypt.dll
0x00007ff840b90000 - 0x00007ff840c1b000 	C:\Program Files\Common Files\Avest\Avest CSP\avsspc.dll
0x00007ff842470000 - 0x00007ff8424c5000 	C:\WINDOWS\System32\SHLWAPI.dll
0x00007ff83d410000 - 0x00007ff83d41c000 	C:\Program Files\Java\jdk-18\bin\vcruntime140_1.dll
0x00007ff82e0c0000 - 0x00007ff82e14d000 	C:\Program Files\Java\jdk-18\bin\msvcp140.dll
0x00007ff826720000 - 0x00007ff827330000 	C:\Program Files\Java\jdk-18\bin\server\jvm.dll
0x00007ff842100000 - 0x00007ff842108000 	C:\WINDOWS\System32\PSAPI.DLL
0x00007ff82ebd0000 - 0x00007ff82ebf7000 	C:\WINDOWS\SYSTEM32\WINMM.dll
0x00007ff81f2e0000 - 0x00007ff81f2e9000 	C:\WINDOWS\SYSTEM32\WSOCK32.dll
0x00007ff842eb0000 - 0x00007ff842f1b000 	C:\WINDOWS\System32\WS2_32.dll
0x00007ff83f310000 - 0x00007ff83f322000 	C:\WINDOWS\SYSTEM32\kernel.appcore.dll
0x00007ff83c080000 - 0x00007ff83c08a000 	C:\Program Files\Java\jdk-18\bin\jimage.dll
0x00007ff83a0a0000 - 0x00007ff83a284000 	C:\WINDOWS\SYSTEM32\DBGHELP.DLL
0x00007ff839ab0000 - 0x00007ff839adc000 	C:\WINDOWS\SYSTEM32\dbgcore.DLL
0x00007ff8416c0000 - 0x00007ff841742000 	C:\WINDOWS\System32\bcryptPrimitives.dll
0x00007ff832da0000 - 0x00007ff832dc5000 	C:\Program Files\Java\jdk-18\bin\java.dll

dbghelp: loaded successfully - version: 4.0.5 - missing functions: none
symbol engine: initialized successfully - sym options: 0x614 - pdb path: .;C:\Program Files\Java\jdk-18\bin;C:\WINDOWS\SYSTEM32;C:\WINDOWS\WinSxS\amd64_microsoft.windows.common-controls_6595b64144ccf1df_6.0.19041.1110_none_60b5254171f9507e;C:\Program Files\Common Files\Avest\Avest CSP;C:\Program Files\Java\jdk-18\bin\server

VM Arguments:
jvm_args: -Dmaven.multiModuleProjectDirectory=D:\01_DEV\IdeaProjects\ToDoList\ToDoList -Dmaven.home=C:\Program Files\JetBrains\IntelliJ IDEA 2022.1.3\plugins\maven\lib\maven3 -Dclassworlds.conf=C:\Program Files\JetBrains\IntelliJ IDEA 2022.1.3\plugins\maven\lib\maven3\bin\m2.conf -Dmaven.ext.class.path=C:\Program Files\JetBrains\IntelliJ IDEA 2022.1.3\plugins\maven\lib\maven-event-listener.jar -Dfile.encoding=UTF-8 
java_command: org.codehaus.classworlds.Launcher -Didea.version=2022.1.3 install
java_class_path (initial): C:\Program Files\JetBrains\IntelliJ IDEA 2022.1.3\plugins\maven\lib\maven3\boot\plexus-classworlds-2.6.0.jar;C:\Program Files\JetBrains\IntelliJ IDEA 2022.1.3\plugins\maven\lib\maven3\boot\plexus-classworlds.license
Launcher Type: SUN_STANDARD

[Global flags]
     intx CICompilerCount                          = 4                                         {product} {ergonomic}
     uint ConcGCThreads                            = 3                                         {product} {ergonomic}
     uint G1ConcRefinementThreads                  = 10                                        {product} {ergonomic}
   size_t G1HeapRegionSize                         = 2097152                                   {product} {ergonomic}
    uintx GCDrainStackTargetSize                   = 64                                        {product} {ergonomic}
   size_t InitialHeapSize                          = 268435456                                 {product} {ergonomic}
   size_t MarkStackSize                            = 4194304                                   {product} {ergonomic}
   size_t MaxHeapSize                              = 4282384384                                {product} {ergonomic}
   size_t MinHeapDeltaBytes                        = 2097152                                   {product} {ergonomic}
   size_t MinHeapSize                              = 8388608                                   {product} {ergonomic}
    uintx NonNMethodCodeHeapSize                   = 5839372                                {pd product} {ergonomic}
    uintx NonProfiledCodeHeapSize                  = 122909434                              {pd product} {ergonomic}
    uintx ProfiledCodeHeapSize                     = 122909434                              {pd product} {ergonomic}
    uintx ReservedCodeCacheSize                    = 251658240                              {pd product} {ergonomic}
     bool SegmentedCodeCache                       = true                                      {product} {ergonomic}
   size_t SoftMaxHeapSize                          = 4282384384                             {manageable} {ergonomic}
     bool UseCompressedClassPointers               = true                           {product lp64_product} {ergonomic}
     bool UseCompressedOops                        = true                           {product lp64_product} {ergonomic}
     bool UseG1GC                                  = true                                      {product} {ergonomic}
     bool UseLargePagesIndividualAllocation        = false                                  {pd product} {ergonomic}

Logging:
Log output configuration:
 #0: stdout all=warning uptime,level,tags foldmultilines=false
 #1: stderr all=off uptime,level,tags foldmultilines=false

Environment Variables:
PATH=C:\Program Files (x86)\Pervasive Software\PSQL\bin\;C:\Program Files\Pervasive Software\PSQL\bin\;C:\Program Files (x86)\Intel\Intel(R) Management Engine Components\iCLS\;C:\Program Files\Intel\Intel(R) Management Engine Components\iCLS\;C:\Windows\system32;C:\Windows;C:\Windows\System32\Wbem;C:\Windows\System32\WindowsPowerShell\v1.0\;C:\Windows\System32\OpenSSH\;C:\Program Files (x86)\Intel\Intel(R) Management Engine Components\DAL;C:\Program Files\Intel\Intel(R) Management Engine Components\DAL;C:\Program Files (x86)\Intel\Intel(R) Management Engine Components\IPT;C:\Program Files\Intel\Intel(R) Management Engine Components\IPT;C:\Program Files (x86)\NVIDIA Corporation\PhysX\Common;C:\WINDOWS\system32;C:\WINDOWS;C:\WINDOWS\System32\Wbem;C:\WINDOWS\System32\WindowsPowerShell\v1.0\;C:\WINDOWS\System32\OpenSSH\;C:\Program Files (x86)\WinRAR;C:\Program Files\Git\cmd;C:\Users\sanyuk.V\AppData\Local\Microsoft\WindowsApps;
USERNAME=sanyuk.v
OS=Windows_NT
PROCESSOR_IDENTIFIER=AMD64 Family 23 Model 8 Stepping 2, AuthenticAMD



---------------  S Y S T E M  ---------------

OS:
 Windows 10 , 64 bit Build 19041 (10.0.19041.1348)
OS uptime: 9 days 21:30 hours

CPU: total 12 (initial active 12) (12 cores per cpu, 2 threads per core) family 23 model 8 stepping 2 microcode 0x0, cx8, cmov, fxsr, ht, mmx, 3dnowpref, sse, sse2, sse3, ssse3, sse4a, sse4.1, sse4.2, popcnt, lzcnt, tsc, tscinvbit, avx, avx2, aes, clmul, bmi1, bmi2, adx, sha, fma, vzeroupper, clflush, clflushopt

Memory: 4k page, system-wide physical 16330M (2683M free)
TotalPageFile size 17354M (AvailPageFile size 110M)
current process WorkingSet (physical memory assigned to process): 11M, peak: 11M
current process commit charge ("private bytes"): 65M, peak: 320M

vm_info: Java HotSpot(TM) 64-Bit Server VM (18.0.1.1+2-6) for windows-amd64 JRE (18.0.1.1+2-6), built on Apr 25 2022 21:53:15 by "mach5one" with MS VC++ 16.8 / 16.9 (VS2019)

END.
